#! /usr/bin/vvp
:ivl_version "11.0 (stable)";
:ivl_delay_selection "TYPICAL";
:vpi_time_precision - 11;
:vpi_module "/usr/lib/x86_64-linux-gnu/ivl/system.vpi";
:vpi_module "/usr/lib/x86_64-linux-gnu/ivl/vhdl_sys.vpi";
:vpi_module "/usr/lib/x86_64-linux-gnu/ivl/vhdl_textio.vpi";
:vpi_module "/usr/lib/x86_64-linux-gnu/ivl/v2005_math.vpi";
:vpi_module "/usr/lib/x86_64-linux-gnu/ivl/va_math.vpi";
S_0x55b4f8909dc0 .scope module, "tb" "tb" 2 29;
 .timescale -9 -11;
v0x55b4f89586e0_0 .var "a", 3 0;
v0x55b4f89587c0_0 .var "b", 3 0;
v0x55b4f8958890_0 .net "c", 9 0, v0x55b4f89581f0_0;  1 drivers
v0x55b4f8958990_0 .var "clk", 0 0;
S_0x55b4f8909f50 .scope module, "dut" "tet" 2 49, 2 3 0, S_0x55b4f8909dc0;
 .timescale -9 -11;
    .port_info 0 /INPUT 4 "A";
    .port_info 1 /INPUT 4 "B";
    .port_info 2 /INPUT 1 "clk";
    .port_info 3 /OUTPUT 10 "C";
v0x55b4f890b350_0 .net "A", 3 0, v0x55b4f89586e0_0;  1 drivers
v0x55b4f890b7b0_0 .net "B", 3 0, v0x55b4f89587c0_0;  1 drivers
v0x55b4f89581f0_0 .var "C", 9 0;
v0x55b4f89582b0_0 .var "T1", 4 0;
v0x55b4f8958390_0 .var "T2", 4 0;
v0x55b4f89584c0_0 .var "T3", 9 0;
v0x55b4f89585a0_0 .net "clk", 0 0, v0x55b4f8958990_0;  1 drivers
E_0x55b4f8945a80 .event posedge, v0x55b4f89585a0_0;
    .scope S_0x55b4f8909f50;
T_0 ;
    %wait E_0x55b4f8945a80;
    %load/vec4 v0x55b4f890b350_0;
    %pad/u 5;
    %load/vec4 v0x55b4f890b7b0_0;
    %pad/u 5;
    %add;
    %assign/vec4 v0x55b4f89582b0_0, 0;
    %jmp T_0;
    .thread T_0;
    .scope S_0x55b4f8909f50;
T_1 ;
    %wait E_0x55b4f8945a80;
    %load/vec4 v0x55b4f890b350_0;
    %pad/u 5;
    %load/vec4 v0x55b4f890b7b0_0;
    %pad/u 5;
    %sub;
    %assign/vec4 v0x55b4f8958390_0, 0;
    %jmp T_1;
    .thread T_1;
    .scope S_0x55b4f8909f50;
T_2 ;
    %wait E_0x55b4f8945a80;
    %load/vec4 v0x55b4f89582b0_0;
    %pad/u 10;
    %load/vec4 v0x55b4f8958390_0;
    %pad/u 10;
    %mul;
    %assign/vec4 v0x55b4f89584c0_0, 0;
    %load/vec4 v0x55b4f89584c0_0;
    %assign/vec4 v0x55b4f89581f0_0, 0;
    %jmp T_2;
    .thread T_2;
    .scope S_0x55b4f8909dc0;
T_3 ;
    %pushi/vec4 0, 0, 1;
    %store/vec4 v0x55b4f8958990_0, 0, 1;
T_3.0 ;
    %delay 1000, 0;
    %load/vec4 v0x55b4f8958990_0;
    %inv;
    %store/vec4 v0x55b4f8958990_0, 0, 1;
    %jmp T_3.0;
    %end;
    .thread T_3;
    .scope S_0x55b4f8909dc0;
T_4 ;
    %vpi_call 2 53 "$dumpfile", "wave.vcd" {0 0 0};
    %vpi_call 2 54 "$dumpvars", 32'sb00000000000000000000000000000000, S_0x55b4f8909dc0, S_0x55b4f8909f50 {0 0 0};
    %pushi/vec4 1, 0, 4;
    %store/vec4 v0x55b4f89586e0_0, 0, 4;
    %pushi/vec4 2, 0, 4;
    %store/vec4 v0x55b4f89587c0_0, 0, 4;
    %delay 5000, 0;
    %pushi/vec4 3, 0, 4;
    %store/vec4 v0x55b4f89586e0_0, 0, 4;
    %pushi/vec4 5, 0, 4;
    %store/vec4 v0x55b4f89587c0_0, 0, 4;
    %delay 7000, 0;
    %pushi/vec4 6, 0, 4;
    %store/vec4 v0x55b4f89586e0_0, 0, 4;
    %pushi/vec4 2, 0, 4;
    %store/vec4 v0x55b4f89587c0_0, 0, 4;
    %delay 9000, 0;
    %vpi_call 2 60 "$finish" {0 0 0};
    %end;
    .thread T_4;
# The file index is used to find the file name in the following table.
:file_names 3;
    "N/A";
    "<interactive>";
    "tet.v";
